# JRE version: Java(TM) SE Runtime Environment (8.0_45-b15) (build 1.8.0_45-b15)
# Java VM: Java HotSpot(TM) 64-Bit Server VM (25.45-b02 mixed mode windows-amd64 compressed oops)
Heap:
 PSYoungGen      total 114176K, used 77896K [0x00000000d5f80000, 0x00000000de980000, 0x0000000100000000)
  eden space 104960K, 73% used [0x00000000d5f80000,0x00000000dab22040,0x00000000dc600000)
  from space 9216K, 4% used [0x00000000dd780000,0x00000000dd7f0000,0x00000000de080000)
  to   space 8704K, 0% used [0x00000000de100000,0x00000000de100000,0x00000000de980000)
 ParOldGen       total 102400K, used 23664K [0x0000000081e00000, 0x0000000088200000, 0x00000000d5f80000)
  object space 102400K, 23% used [0x0000000081e00000,0x000000008351c1f8,0x0000000088200000)
 Metaspace       used 36351K, capacity 36792K, committed 37032K, reserved 1081344K
  class space    used 4068K, capacity 4162K, committed 4272K, reserved 1048576K
GC Heap History (10 events):
Event: 1418.695 GC heap before
{Heap before GC invocations=25 (full 2):
 PSYoungGen      total 122368K, used 122016K [0x00000000d5f80000, 0x00000000dfd00000, 0x0000000100000000)
  eden space 121344K, 100% used [0x00000000d5f80000,0x00000000dd600000,0x00000000dd600000)
  from space 1024K, 65% used [0x00000000dfc00000,0x00000000dfca8000,0x00000000dfd00000)
  to   space 11776K, 0% used [0x00000000de600000,0x00000000de600000,0x00000000df180000)
 ParOldGen       total 102400K, used 23304K [0x0000000081e00000, 0x0000000088200000, 0x00000000d5f80000)
  object space 102400K, 22% used [0x0000000081e00000,0x00000000834c21e8,0x0000000088200000)
 Metaspace       used 35950K, capacity 36308K, committed 36520K, reserved 1081344K
  class space    used 4058K, capacity 4156K, committed 4272K, reserved 1048576K
Event: 1418.698 GC heap after
Heap after GC invocations=25 (full 2):
 PSYoungGen      total 129536K, used 640K [0x00000000d5f80000, 0x00000000dfc80000, 0x0000000100000000)
  eden space 117760K, 0% used [0x00000000d5f80000,0x00000000d5f80000,0x00000000dd280000)
  from space 11776K, 5% used [0x00000000de600000,0x00000000de6a0000,0x00000000df180000)
  to   space 10752K, 0% used [0x00000000df200000,0x00000000df200000,0x00000000dfc80000)
 ParOldGen       total 102400K, used 23312K [0x0000000081e00000, 0x0000000088200000, 0x00000000d5f80000)
  object space 102400K, 22% used [0x0000000081e00000,0x00000000834c41e8,0x0000000088200000)
 Metaspace       used 35950K, capacity 36308K, committed 36520K, reserved 1081344K
  class space    used 4058K, capacity 4156K, committed 4272K, reserved 1048576K
}
Event: 1419.253 GC heap before
{Heap before GC invocations=26 (full 2):
 PSYoungGen      total 129536K, used 118400K [0x00000000d5f80000, 0x00000000dfc80000, 0x0000000100000000)
  eden space 117760K, 100% used [0x00000000d5f80000,0x00000000dd280000,0x00000000dd280000)
  from space 11776K, 5% used [0x00000000de600000,0x00000000de6a0000,0x00000000df180000)
  to   space 10752K, 0% used [0x00000000df200000,0x00000000df200000,0x00000000dfc80000)
 ParOldGen       total 102400K, used 23312K [0x0000000081e00000, 0x0000000088200000, 0x00000000d5f80000)
  object space 102400K, 22% used [0x0000000081e00000,0x00000000834c41e8,0x0000000088200000)
 Metaspace       used 35953K, capacity 36308K, committed 36520K, reserved 1081344K
  class space    used 4058K, capacity 4156K, committed 4272K, reserved 1048576K
Event: 1419.256 GC heap after
Heap after GC invocations=26 (full 2):
 PSYoungGen      total 115200K, used 576K [0x00000000d5f80000, 0x00000000df300000, 0x0000000100000000)
  eden space 114176K, 0% used [0x00000000d5f80000,0x00000000d5f80000,0x00000000dcf00000)
  from space 1024K, 56% used [0x00000000df200000,0x00000000df290000,0x00000000df300000)
  to   space 10240K, 0% used [0x00000000ddf00000,0x00000000ddf00000,0x00000000de900000)
 ParOldGen       total 102400K, used 23424K [0x0000000081e00000, 0x0000000088200000, 0x00000000d5f80000)
  object space 102400K, 22% used [0x0000000081e00000,0x00000000834e01e8,0x0000000088200000)
 Metaspace       used 35953K, capacity 36308K, committed 36520K, reserved 1081344K
  class space    used 4058K, capacity 4156K, committed 4272K, reserved 1048576K
}
Event: 1419.828 GC heap before
{Heap before GC invocations=27 (full 2):
 PSYoungGen      total 115200K, used 114752K [0x00000000d5f80000, 0x00000000df300000, 0x0000000100000000)
  eden space 114176K, 100% used [0x00000000d5f80000,0x00000000dcf00000,0x00000000dcf00000)
  from space 1024K, 56% used [0x00000000df200000,0x00000000df290000,0x00000000df300000)
  to   space 10240K, 0% used [0x00000000ddf00000,0x00000000ddf00000,0x00000000de900000)
 ParOldGen       total 102400K, used 23424K [0x0000000081e00000, 0x0000000088200000, 0x00000000d5f80000)
  object space 102400K, 22% used [0x0000000081e00000,0x00000000834e01e8,0x0000000088200000)
 Metaspace       used 35953K, capacity 36308K, committed 36520K, reserved 1081344K
  class space    used 4058K, capacity 4156K, committed 4272K, reserved 1048576K
Event: 1419.830 GC heap after
Heap after GC invocations=27 (full 2):
 PSYoungGen      total 121344K, used 512K [0x00000000d5f80000, 0x00000000df280000, 0x0000000100000000)
  eden space 111104K, 0% used [0x00000000d5f80000,0x00000000d5f80000,0x00000000dcc00000)
  from space 10240K, 5% used [0x00000000ddf00000,0x00000000ddf80000,0x00000000de900000)
  to   space 9728K, 0% used [0x00000000de900000,0x00000000de900000,0x00000000df280000)
 ParOldGen       total 102400K, used 23504K [0x0000000081e00000, 0x0000000088200000, 0x00000000d5f80000)
  object space 102400K, 22% used [0x0000000081e00000,0x00000000834f41e8,0x0000000088200000)
 Metaspace       used 35953K, capacity 36308K, committed 36520K, reserved 1081344K
  class space    used 4058K, capacity 4156K, committed 4272K, reserved 1048576K
}
Event: 1420.349 GC heap before
{Heap before GC invocations=28 (full 2):
 PSYoungGen      total 121344K, used 111616K [0x00000000d5f80000, 0x00000000df280000, 0x0000000100000000)
  eden space 111104K, 100% used [0x00000000d5f80000,0x00000000dcc00000,0x00000000dcc00000)
  from space 10240K, 5% used [0x00000000ddf00000,0x00000000ddf80000,0x00000000de900000)
  to   space 9728K, 0% used [0x00000000de900000,0x00000000de900000,0x00000000df280000)
 ParOldGen       total 102400K, used 23504K [0x0000000081e00000, 0x0000000088200000, 0x00000000d5f80000)
  object space 102400K, 22% used [0x0000000081e00000,0x00000000834f41e8,0x0000000088200000)
 Metaspace       used 35953K, capacity 36308K, committed 36520K, reserved 1081344K
  class space    used 4058K, capacity 4156K, committed 4272K, reserved 1048576K
Event: 1420.353 GC heap after
Heap after GC invocations=28 (full 2):
 PSYoungGen      total 108544K, used 416K [0x00000000d5f80000, 0x00000000de980000, 0x0000000100000000)
  eden space 108032K, 0% used [0x00000000d5f80000,0x00000000d5f80000,0x00000000dc900000)
  from space 512K, 81% used [0x00000000de900000,0x00000000de968000,0x00000000de980000)
  to   space 9216K, 0% used [0x00000000dd780000,0x00000000dd780000,0x00000000de080000)
 ParOldGen       total 102400K, used 23584K [0x0000000081e00000, 0x0000000088200000, 0x00000000d5f80000)
  object space 102400K, 23% used [0x0000000081e00000,0x00000000835081e8,0x0000000088200000)
 Metaspace       used 35953K, capacity 36308K, committed 36520K, reserved 1081344K
  class space    used 4058K, capacity 4156K, committed 4272K, reserved 1048576K
}
Event: 6603.007 GC heap before
{Heap before GC invocations=29 (full 2):
 PSYoungGen      total 108544K, used 108448K [0x00000000d5f80000, 0x00000000de980000, 0x0000000100000000)
  eden space 108032K, 100% used [0x00000000d5f80000,0x00000000dc900000,0x00000000dc900000)
  from space 512K, 81% used [0x00000000de900000,0x00000000de968000,0x00000000de980000)
  to   space 9216K, 0% used [0x00000000dd780000,0x00000000dd780000,0x00000000de080000)
 ParOldGen       total 102400K, used 23584K [0x0000000081e00000, 0x0000000088200000, 0x00000000d5f80000)
  object space 102400K, 23% used [0x0000000081e00000,0x00000000835081e8,0x0000000088200000)
 Metaspace       used 36023K, capacity 36472K, committed 36776K, reserved 1081344K
  class space    used 4062K, capacity 4162K, committed 4272K, reserved 1048576K
Event: 6603.009 GC heap after
Heap after GC invocations=29 (full 2):
 PSYoungGen      total 114176K, used 448K [0x00000000d5f80000, 0x00000000de980000, 0x0000000100000000)
  eden space 104960K, 0% used [0x00000000d5f80000,0x00000000d5f80000,0x00000000dc600000)
  from space 9216K, 4% used [0x00000000dd780000,0x00000000dd7f0000,0x00000000de080000)
  to   space 8704K, 0% used [0x00000000de100000,0x00000000de100000,0x00000000de980000)
 ParOldGen       total 102400K, used 23664K [0x0000000081e00000, 0x0000000088200000, 0x00000000d5f80000)
  object space 102400K, 23% used [0x0000000081e00000,0x000000008351c1f8,0x0000000088200000)
 Metaspace       used 36023K, capacity 36472K, committed 36776K, reserved 1081344K
  class space    used 4062K, capacity 4162K, committed 4272K, reserved 1048576K
}

