<?xml version="1.0" encoding="UTF-8"?>
<testsuite name="at.jku.sea.cloud.javaobjectstorage.test.TestJavaObjectStorage" time="0.718" tests="29" errors="0" skipped="0" failures="0">
  <properties>
[...]
</properties>
  <testcase name="testObjectFloat" classname="at.jku.sea.cloud.javaobjectstorage.test.TestJavaObjectStorage" time="0.031"/>
  <testcase name="testObjectShort" classname="at.jku.sea.cloud.javaobjectstorage.test.TestJavaObjectStorage" time="0.016"/>
  <testcase name="testCyclicData" classname="at.jku.sea.cloud.javaobjectstorage.test.TestJavaObjectStorage" time="0.062"/>
  <testcase name="testPrimitiveObjectCollection" classname="at.jku.sea.cloud.javaobjectstorage.test.TestJavaObjectStorage" time="0.031"/>
  <testcase name="testPrimitiveInteger" classname="at.jku.sea.cloud.javaobjectstorage.test.TestJavaObjectStorage" time="0.016"/>
  <testcase name="testObjectBoolean" classname="at.jku.sea.cloud.javaobjectstorage.test.TestJavaObjectStorage" time="0.016"/>
  <testcase name="testPrimitiveByte" classname="at.jku.sea.cloud.javaobjectstorage.test.TestJavaObjectStorage" time="0.015"/>
  <testcase name="testPrimitiveLong" classname="at.jku.sea.cloud.javaobjectstorage.test.TestJavaObjectStorage" time="0.016"/>
  <testcase name="testNull" classname="at.jku.sea.cloud.javaobjectstorage.test.TestJavaObjectStorage" time="0"/>
  <testcase name="testPrimitiveDouble" classname="at.jku.sea.cloud.javaobjectstorage.test.TestJavaObjectStorage" time="0.031"/>
  <testcase name="testObjectDouble" classname="at.jku.sea.cloud.javaobjectstorage.test.TestJavaObjectStorage" time="0.016"/>
  <testcase name="testComplexObjectCollection" classname="at.jku.sea.cloud.javaobjectstorage.test.TestJavaObjectStorage" time="0.078"/>
  <testcase name="testPrimitiveCharacter" classname="at.jku.sea.cloud.javaobjectstorage.test.TestJavaObjectStorage" time="0.015"/>
  <testcase name="testComplexObjectArray" classname="at.jku.sea.cloud.javaobjectstorage.test.TestJavaObjectStorage" time="0.047"/>
  <testcase name="testObjectByte" classname="at.jku.sea.cloud.javaobjectstorage.test.TestJavaObjectStorage" time="0.016"/>
  <testcase name="testObjectLong" classname="at.jku.sea.cloud.javaobjectstorage.test.TestJavaObjectStorage" time="0.016"/>
  <testcase name="testObjectInteger" classname="at.jku.sea.cloud.javaobjectstorage.test.TestJavaObjectStorage" time="0.015"/>
  <testcase name="testComplexObjectMap" classname="at.jku.sea.cloud.javaobjectstorage.test.TestJavaObjectStorage" time="0.125"/>
  <testcase name="testComplexObject" classname="at.jku.sea.cloud.javaobjectstorage.test.TestJavaObjectStorage" time="0"/>
  <testcase name="testPrimitiveBoolean" classname="at.jku.sea.cloud.javaobjectstorage.test.TestJavaObjectStorage" time="0.015"/>
  <testcase name="testObjectCharacter" classname="at.jku.sea.cloud.javaobjectstorage.test.TestJavaObjectStorage" time="0"/>
  <testcase name="testPrimitiveObjectMap" classname="at.jku.sea.cloud.javaobjectstorage.test.TestJavaObjectStorage" time="0.094"/>
  <testcase name="testOverriddenFields" classname="at.jku.sea.cloud.javaobjectstorage.test.TestJavaObjectStorage" time="0"/>
  <testcase name="testPrimitiveArray" classname="at.jku.sea.cloud.javaobjectstorage.test.TestJavaObjectStorage" time="0.016"/>
  <testcase name="testPrimitiveFloat" classname="at.jku.sea.cloud.javaobjectstorage.test.TestJavaObjectStorage" time="0.015"/>
  <testcase name="testPrimitiveShort" classname="at.jku.sea.cloud.javaobjectstorage.test.TestJavaObjectStorage" time="0"/>
  <testcase name="testString" classname="at.jku.sea.cloud.javaobjectstorage.test.TestJavaObjectStorage" time="0.016"/>
  <testcase name="testPrimitiveObjectArray" classname="at.jku.sea.cloud.javaobjectstorage.test.TestJavaObjectStorage" time="0"/>
  <testcase name="testStringArray" classname="at.jku.sea.cloud.javaobjectstorage.test.TestJavaObjectStorage" time="0"/>
</testsuite>